TN:
SF:src/better-auth.constants.ts
FNF:0
FNH:0
DA:1,4
DA:2,4
DA:3,4
DA:4,4
DA:5,4
DA:6,4
LF:6
LH:6
BRDA:1,0,0,4
BRF:1
BRH:1
end_of_record
TN:
SF:src/better-auth.middleware.ts
FN:2,__decorate
FN:21,__metadata
FN:29,<instance_members_initializer>
FN:29,BetterAuthMiddleware
FN:34,use
FNF:5
FNH:5
FNDA:2,__decorate
FNDA:2,__metadata
FNDA:15,<instance_members_initializer>
FNDA:15,BetterAuthMiddleware
FNDA:10,use
DA:1,2
DA:2,2
DA:3,2
DA:4,0
DA:5,2
DA:6,2
DA:7,2
DA:8,2
DA:9,2
DA:10,2
DA:11,0
DA:12,0
DA:13,0
DA:14,0
DA:15,0
DA:16,0
DA:17,0
DA:18,2
DA:19,2
DA:20,2
DA:21,2
DA:22,2
DA:23,2
DA:24,2
DA:25,2
DA:26,2
DA:27,2
DA:28,2
DA:29,2
DA:30,15
DA:31,15
DA:32,15
DA:33,15
DA:34,15
DA:35,10
DA:36,10
DA:37,10
DA:38,10
DA:39,10
DA:40,10
DA:41,10
DA:42,10
DA:43,10
DA:44,10
DA:45,10
DA:46,10
DA:47,6
DA:48,10
DA:49,4
DA:50,4
DA:51,4
DA:52,4
DA:53,4
DA:54,4
DA:55,4
DA:56,4
DA:57,4
DA:58,4
DA:59,4
DA:60,4
DA:61,4
DA:62,4
DA:63,4
DA:64,4
DA:65,4
DA:66,3
DA:67,4
DA:68,4
DA:69,4
DA:70,4
DA:71,0
DA:72,0
DA:73,10
DA:74,10
DA:75,10
DA:76,10
DA:77,9
DA:78,9
DA:79,9
DA:80,9
DA:81,9
DA:82,4
DA:83,4
DA:84,4
DA:85,9
DA:86,9
DA:87,9
DA:88,9
DA:89,9
DA:90,9
DA:91,9
DA:92,8
DA:93,9
DA:94,9
DA:95,9
DA:96,9
DA:97,9
DA:98,9
DA:99,9
DA:100,9
DA:101,9
DA:102,9
DA:103,9
DA:104,9
DA:105,9
DA:106,9
DA:107,9
DA:108,9
DA:109,9
DA:110,9
DA:111,9
DA:112,9
DA:113,9
DA:114,9
DA:115,7
DA:116,7
DA:117,7
DA:118,7
DA:119,7
DA:120,7
DA:121,7
DA:122,7
DA:123,7
DA:124,7
DA:125,7
DA:126,7
DA:127,7
DA:128,7
DA:129,7
DA:130,7
DA:131,7
LF:131
LH:121
BRDA:1,0,0,2
BRDA:2,1,0,2
BRDA:3,2,0,0
BRDA:10,3,0,0
BRDA:18,4,0,0
BRDA:18,5,0,0
BRDA:21,6,0,2
BRDA:29,7,0,15
BRDA:29,8,0,15
BRDA:34,9,0,10
BRDA:39,10,0,1
BRDA:39,11,0,9
BRDA:46,12,0,6
BRDA:48,13,0,4
BRDA:59,14,0,1
BRDA:59,15,0,3
BRDA:65,16,0,3
BRDA:65,17,0,3
BRDA:67,18,0,1
BRDA:70,19,0,0
BRDA:76,20,0,9
BRDA:78,21,0,4
BRDA:80,22,0,5
BRDA:81,23,0,4
BRDA:85,24,0,1
BRDA:85,25,0,3
BRDA:90,26,0,8
BRDA:92,27,0,8
BRDA:95,28,0,1
BRDA:97,29,0,4
BRDA:97,30,0,0
BRDA:100,31,0,0
BRDA:110,32,0,3
BRDA:110,33,0,3
BRDA:110,34,0,1
BRDA:111,35,0,8
BRDA:114,36,0,7
BRDA:122,37,0,2
BRF:38
BRH:31
end_of_record
TN:
SF:src/better-auth.module.ts
FN:5,__decorate
FN:35,<static_initializer>
FN:36,configure
FN:62,forRoot
FN:89,forRootAsync
FN:96,useFactory
FNF:6
FNH:5
FNDA:1,__decorate
FNDA:1,<static_initializer>
FNDA:0,configure
FNDA:2,forRoot
FNDA:2,forRootAsync
FNDA:2,useFactory
DA:1,1
DA:2,1
DA:3,1
DA:4,1
DA:5,1
DA:6,1
DA:7,1
DA:8,1
DA:9,1
DA:10,1
DA:11,1
DA:12,0
DA:13,0
DA:14,1
DA:15,1
DA:16,1
DA:17,1
DA:18,0
DA:19,0
DA:20,0
DA:21,0
DA:22,0
DA:23,0
DA:24,1
DA:25,1
DA:26,1
DA:27,1
DA:28,1
DA:29,1
DA:30,1
DA:31,1
DA:32,1
DA:33,1
DA:34,1
DA:35,1
DA:36,1
DA:37,0
DA:38,0
DA:39,0
DA:40,0
DA:41,0
DA:42,0
DA:43,0
DA:44,0
DA:45,0
DA:46,0
DA:47,0
DA:48,0
DA:49,0
DA:50,0
DA:51,0
DA:52,0
DA:53,0
DA:54,0
DA:55,0
DA:56,0
DA:57,0
DA:58,0
DA:59,0
DA:60,1
DA:61,1
DA:62,1
DA:63,2
DA:64,2
DA:65,2
DA:66,2
DA:67,2
DA:68,2
DA:69,2
DA:70,2
DA:71,2
DA:72,2
DA:73,2
DA:74,2
DA:75,2
DA:76,2
DA:77,2
DA:78,2
DA:79,2
DA:80,2
DA:81,2
DA:82,2
DA:83,2
DA:84,2
DA:85,2
DA:86,2
DA:87,1
DA:88,1
DA:89,2
DA:90,2
DA:91,2
DA:92,2
DA:93,2
DA:94,2
DA:95,2
DA:96,2
DA:97,2
DA:98,2
DA:99,2
DA:100,2
DA:101,2
DA:102,2
DA:103,2
DA:104,2
DA:105,2
DA:106,2
DA:107,2
DA:108,2
DA:109,2
DA:110,2
DA:111,2
DA:112,2
DA:113,2
DA:114,2
DA:115,2
DA:116,2
DA:117,2
DA:118,2
DA:119,2
DA:120,2
DA:121,2
DA:122,2
DA:123,2
DA:124,1
DA:125,1
DA:126,1
LF:126
LH:95
BRDA:1,0,0,1
BRDA:5,1,0,1
BRDA:11,2,0,0
BRDA:17,3,0,0
BRDA:24,4,0,0
BRDA:24,5,0,0
BRDA:35,6,0,1
BRDA:62,7,0,2
BRDA:89,8,0,2
BRDA:96,9,0,2
BRF:10
BRH:6
end_of_record
TN:
SF:src/better-auth.service.ts
FN:2,__decorate
FN:27,__metadata
FN:35,__param
FN:45,<instance_members_initializer>
FN:46,BetterAuthService
FN:53,getAuth
FN:55,getOptions
FN:56,handleRequest
FNF:8
FNH:8
FNDA:3,__decorate
FNDA:3,__metadata
FNDA:6,__param
FNDA:14,<instance_members_initializer>
FNDA:14,BetterAuthService
FNDA:2,getAuth
FNDA:2,getOptions
FNDA:2,handleRequest
DA:1,3
DA:2,3
DA:3,3
DA:4,3
DA:5,3
DA:6,3
DA:7,3
DA:8,3
DA:9,3
DA:10,3
DA:11,3
DA:12,3
DA:13,0
DA:14,0
DA:15,0
DA:16,0
DA:17,0
DA:18,0
DA:19,3
DA:20,3
DA:21,0
DA:22,0
DA:23,0
DA:24,0
DA:25,3
DA:26,3
DA:27,3
DA:28,3
DA:29,3
DA:30,3
DA:31,3
DA:32,3
DA:33,3
DA:34,3
DA:35,3
DA:36,6
DA:37,3
DA:38,3
DA:39,3
DA:40,3
DA:41,3
DA:42,3
DA:43,3
DA:44,3
DA:45,3
DA:46,14
DA:47,14
DA:48,14
DA:49,14
DA:50,14
DA:51,14
DA:52,14
DA:53,14
DA:54,14
DA:55,14
DA:56,14
DA:57,2
DA:58,2
DA:59,2
DA:60,2
DA:61,2
DA:62,2
DA:63,2
DA:64,2
DA:65,2
DA:66,0
DA:67,2
DA:68,2
DA:69,2
DA:70,0
DA:71,0
DA:72,0
DA:73,2
DA:74,2
DA:75,2
DA:76,2
DA:77,2
LF:77
LH:63
BRDA:1,0,0,3
BRDA:2,1,0,3
BRDA:6,2,0,0
BRDA:12,3,0,0
BRDA:20,4,0,0
BRDA:20,5,0,0
BRDA:27,6,0,3
BRDA:35,7,0,6
BRDA:36,8,0,6
BRDA:45,9,0,14
BRDA:46,10,0,14
BRDA:53,11,0,2
BRDA:55,12,0,2
BRDA:56,13,0,2
BRDA:65,14,0,0
BRDA:69,15,0,0
BRDA:69,16,0,0
BRF:17
BRH:10
end_of_record
TN:
SF:src/better-auth.symbols.ts
FNF:0
FNH:0
DA:1,5
DA:2,5
DA:3,5
DA:4,5
DA:5,5
LF:5
LH:5
BRDA:1,0,0,5
BRF:1
BRH:1
end_of_record
